nohup: ignoring input
⛏️  Mining Irium Genesis Block...

Genesis Configuration:
  Timestamp: 1735689600
  Bits: 0x1d00ffff
  Target: 26959535291011309493156476344723991336010898738574164086137773096960
  Merkle root: a0bd470d94bf7ef20539a0a6e2bd30629795f0bad5160d0495e07e85e4a5db04
  Total vesting: 3500000.0 IRM

⛏️  Mining for valid nonce...
  Nonce: 100,000 | Hashrate: 203572.11 H/s
  Nonce: 200,000 | Hashrate: 201057.99 H/s
  Nonce: 300,000 | Hashrate: 201708.87 H/s
  Nonce: 400,000 | Hashrate: 205467.34 H/s
  Nonce: 500,000 | Hashrate: 204977.01 H/s
  Nonce: 600,000 | Hashrate: 207933.61 H/s
  Nonce: 700,000 | Hashrate: 207636.86 H/s
  Nonce: 800,000 | Hashrate: 208438.77 H/s
  Nonce: 900,000 | Hashrate: 209187.66 H/s
  Nonce: 1,000,000 | Hashrate: 207892.21 H/s
  Nonce: 1,100,000 | Hashrate: 205797.74 H/s
  Nonce: 1,200,000 | Hashrate: 207138.16 H/s
  Nonce: 1,300,000 | Hashrate: 208236.06 H/s
  Nonce: 1,400,000 | Hashrate: 209035.63 H/s
  Nonce: 1,500,000 | Hashrate: 210163.35 H/s
  Nonce: 1,600,000 | Hashrate: 209697.31 H/s
  Nonce: 1,700,000 | Hashrate: 210186.85 H/s
  Nonce: 1,800,000 | Hashrate: 210941.11 H/s
  Nonce: 1,900,000 | Hashrate: 211785.30 H/s
  Nonce: 2,000,000 | Hashrate: 212239.53 H/s
  Nonce: 2,100,000 | Hashrate: 211948.80 H/s
  Nonce: 2,200,000 | Hashrate: 212470.72 H/s
  Nonce: 2,300,000 | Hashrate: 213045.88 H/s
  Nonce: 2,400,000 | Hashrate: 213599.07 H/s
  Nonce: 2,500,000 | Hashrate: 213391.60 H/s
  Nonce: 2,600,000 | Hashrate: 213869.86 H/s
  Nonce: 2,700,000 | Hashrate: 213137.04 H/s
  Nonce: 2,800,000 | Hashrate: 213357.03 H/s
  Nonce: 2,900,000 | Hashrate: 213325.76 H/s
  Nonce: 3,000,000 | Hashrate: 213465.57 H/s
  Nonce: 3,100,000 | Hashrate: 213968.73 H/s
  Nonce: 3,200,000 | Hashrate: 214104.46 H/s
  Nonce: 3,300,000 | Hashrate: 214150.37 H/s
  Nonce: 3,400,000 | Hashrate: 214355.88 H/s
  Nonce: 3,500,000 | Hashrate: 214726.23 H/s
  Nonce: 3,600,000 | Hashrate: 214978.78 H/s
  Nonce: 3,700,000 | Hashrate: 214877.18 H/s
  Nonce: 3,800,000 | Hashrate: 214950.26 H/s
  Nonce: 3,900,000 | Hashrate: 215206.93 H/s
  Nonce: 4,000,000 | Hashrate: 214373.15 H/s
  Nonce: 4,100,000 | Hashrate: 214209.29 H/s
  Nonce: 4,200,000 | Hashrate: 213775.53 H/s
  Nonce: 4,300,000 | Hashrate: 212716.39 H/s
  Nonce: 4,400,000 | Hashrate: 211945.17 H/s
  Nonce: 4,500,000 | Hashrate: 212125.91 H/s
  Nonce: 4,600,000 | Hashrate: 211648.77 H/s
  Nonce: 4,700,000 | Hashrate: 211061.05 H/s
  Nonce: 4,800,000 | Hashrate: 211430.16 H/s
  Nonce: 4,900,000 | Hashrate: 211423.02 H/s
  Nonce: 5,000,000 | Hashrate: 211038.68 H/s
  Nonce: 5,100,000 | Hashrate: 211276.31 H/s
  Nonce: 5,200,000 | Hashrate: 211377.73 H/s
  Nonce: 5,300,000 | Hashrate: 211478.85 H/s
  Nonce: 5,400,000 | Hashrate: 211591.19 H/s
  Nonce: 5,500,000 | Hashrate: 211388.77 H/s
  Nonce: 5,600,000 | Hashrate: 211583.07 H/s
  Nonce: 5,700,000 | Hashrate: 211755.21 H/s
  Nonce: 5,800,000 | Hashrate: 211778.69 H/s
  Nonce: 5,900,000 | Hashrate: 211929.58 H/s
  Nonce: 6,000,000 | Hashrate: 211946.53 H/s
  Nonce: 6,100,000 | Hashrate: 212118.37 H/s
  Nonce: 6,200,000 | Hashrate: 212552.70 H/s
  Nonce: 6,300,000 | Hashrate: 213008.07 H/s
  Nonce: 6,400,000 | Hashrate: 213145.83 H/s
  Nonce: 6,500,000 | Hashrate: 212830.13 H/s
  Nonce: 6,600,000 | Hashrate: 212831.14 H/s
  Nonce: 6,700,000 | Hashrate: 212946.06 H/s
  Nonce: 6,800,000 | Hashrate: 212844.35 H/s
  Nonce: 6,900,000 | Hashrate: 212759.41 H/s
  Nonce: 7,000,000 | Hashrate: 212672.94 H/s
  Nonce: 7,100,000 | Hashrate: 212615.84 H/s
  Nonce: 7,200,000 | Hashrate: 212568.46 H/s
  Nonce: 7,300,000 | Hashrate: 212559.78 H/s
  Nonce: 7,400,000 | Hashrate: 212466.33 H/s
  Nonce: 7,500,000 | Hashrate: 212326.77 H/s
  Nonce: 7,600,000 | Hashrate: 212444.41 H/s
  Nonce: 7,700,000 | Hashrate: 212602.37 H/s
  Nonce: 7,800,000 | Hashrate: 212572.03 H/s
  Nonce: 7,900,000 | Hashrate: 212441.64 H/s
  Nonce: 8,000,000 | Hashrate: 212426.94 H/s
  Nonce: 8,100,000 | Hashrate: 212540.00 H/s
  Nonce: 8,200,000 | Hashrate: 212746.72 H/s
  Nonce: 8,300,000 | Hashrate: 212698.79 H/s
  Nonce: 8,400,000 | Hashrate: 212714.92 H/s
  Nonce: 8,500,000 | Hashrate: 212478.13 H/s
  Nonce: 8,600,000 | Hashrate: 212666.43 H/s
  Nonce: 8,700,000 | Hashrate: 212818.67 H/s
  Nonce: 8,800,000 | Hashrate: 212799.50 H/s
  Nonce: 8,900,000 | Hashrate: 212969.44 H/s
  Nonce: 9,000,000 | Hashrate: 212750.71 H/s
  Nonce: 9,100,000 | Hashrate: 212843.08 H/s
  Nonce: 9,200,000 | Hashrate: 212858.77 H/s
  Nonce: 9,300,000 | Hashrate: 212399.31 H/s
  Nonce: 9,400,000 | Hashrate: 212143.74 H/s
  Nonce: 9,500,000 | Hashrate: 211933.56 H/s
  Nonce: 9,600,000 | Hashrate: 212049.67 H/s
  Nonce: 9,700,000 | Hashrate: 212142.13 H/s
  Nonce: 9,800,000 | Hashrate: 212264.81 H/s
  Nonce: 9,900,000 | Hashrate: 212401.91 H/s
  Nonce: 10,000,000 | Hashrate: 212372.27 H/s
  Nonce: 10,100,000 | Hashrate: 212433.99 H/s
  Nonce: 10,200,000 | Hashrate: 212356.62 H/s
  Nonce: 10,300,000 | Hashrate: 212346.57 H/s
  Nonce: 10,400,000 | Hashrate: 212247.74 H/s
  Nonce: 10,500,000 | Hashrate: 212159.41 H/s
  Nonce: 10,600,000 | Hashrate: 212222.51 H/s
  Nonce: 10,700,000 | Hashrate: 212095.30 H/s
  Nonce: 10,800,000 | Hashrate: 212091.35 H/s
  Nonce: 10,900,000 | Hashrate: 212109.73 H/s
  Nonce: 11,000,000 | Hashrate: 211855.18 H/s
  Nonce: 11,100,000 | Hashrate: 211938.95 H/s
  Nonce: 11,200,000 | Hashrate: 211809.29 H/s
  Nonce: 11,300,000 | Hashrate: 211648.66 H/s
  Nonce: 11,400,000 | Hashrate: 211555.72 H/s
  Nonce: 11,500,000 | Hashrate: 211197.98 H/s
  Nonce: 11,600,000 | Hashrate: 210952.46 H/s
  Nonce: 11,700,000 | Hashrate: 210543.20 H/s
  Nonce: 11,800,000 | Hashrate: 210260.32 H/s
  Nonce: 11,900,000 | Hashrate: 210081.85 H/s
  Nonce: 12,000,000 | Hashrate: 210023.96 H/s
  Nonce: 12,100,000 | Hashrate: 209874.83 H/s
  Nonce: 12,200,000 | Hashrate: 209597.75 H/s
  Nonce: 12,300,000 | Hashrate: 209685.36 H/s
  Nonce: 12,400,000 | Hashrate: 209857.26 H/s
  Nonce: 12,500,000 | Hashrate: 210040.83 H/s
  Nonce: 12,600,000 | Hashrate: 209961.35 H/s
  Nonce: 12,700,000 | Hashrate: 209895.61 H/s
  Nonce: 12,800,000 | Hashrate: 209867.44 H/s
  Nonce: 12,900,000 | Hashrate: 209918.15 H/s
  Nonce: 13,000,000 | Hashrate: 209974.03 H/s
  Nonce: 13,100,000 | Hashrate: 210068.59 H/s
  Nonce: 13,200,000 | Hashrate: 210028.94 H/s
  Nonce: 13,300,000 | Hashrate: 209949.26 H/s
  Nonce: 13,400,000 | Hashrate: 209958.69 H/s
  Nonce: 13,500,000 | Hashrate: 210017.21 H/s
  Nonce: 13,600,000 | Hashrate: 210111.46 H/s
  Nonce: 13,700,000 | Hashrate: 209951.73 H/s
  Nonce: 13,800,000 | Hashrate: 209899.75 H/s
  Nonce: 13,900,000 | Hashrate: 210021.30 H/s
  Nonce: 14,000,000 | Hashrate: 209820.24 H/s
  Nonce: 14,100,000 | Hashrate: 209668.40 H/s
  Nonce: 14,200,000 | Hashrate: 209358.36 H/s
  Nonce: 14,300,000 | Hashrate: 209349.82 H/s
  Nonce: 14,400,000 | Hashrate: 209396.66 H/s
  Nonce: 14,500,000 | Hashrate: 209279.30 H/s
  Nonce: 14,600,000 | Hashrate: 209320.44 H/s
  Nonce: 14,700,000 | Hashrate: 209344.94 H/s
  Nonce: 14,800,000 | Hashrate: 209310.28 H/s
  Nonce: 14,900,000 | Hashrate: 209177.81 H/s
  Nonce: 15,000,000 | Hashrate: 209060.64 H/s
  Nonce: 15,100,000 | Hashrate: 209059.18 H/s
  Nonce: 15,200,000 | Hashrate: 208946.05 H/s
  Nonce: 15,300,000 | Hashrate: 208897.39 H/s
  Nonce: 15,400,000 | Hashrate: 208699.55 H/s
  Nonce: 15,500,000 | Hashrate: 208455.02 H/s
  Nonce: 15,600,000 | Hashrate: 208377.36 H/s
  Nonce: 15,700,000 | Hashrate: 208232.97 H/s
  Nonce: 15,800,000 | Hashrate: 208304.45 H/s
  Nonce: 15,900,000 | Hashrate: 208377.23 H/s
  Nonce: 16,000,000 | Hashrate: 208522.82 H/s
  Nonce: 16,100,000 | Hashrate: 208421.62 H/s
  Nonce: 16,200,000 | Hashrate: 208492.01 H/s
  Nonce: 16,300,000 | Hashrate: 208494.31 H/s
  Nonce: 16,400,000 | Hashrate: 208512.75 H/s
  Nonce: 16,500,000 | Hashrate: 208463.41 H/s
  Nonce: 16,600,000 | Hashrate: 208386.97 H/s
  Nonce: 16,700,000 | Hashrate: 208343.56 H/s
  Nonce: 16,800,000 | Hashrate: 208289.40 H/s
  Nonce: 16,900,000 | Hashrate: 208330.49 H/s
  Nonce: 17,000,000 | Hashrate: 208385.24 H/s
  Nonce: 17,100,000 | Hashrate: 208389.99 H/s
  Nonce: 17,200,000 | Hashrate: 208327.13 H/s
  Nonce: 17,300,000 | Hashrate: 208303.21 H/s
  Nonce: 17,400,000 | Hashrate: 208293.77 H/s
  Nonce: 17,500,000 | Hashrate: 208385.04 H/s
  Nonce: 17,600,000 | Hashrate: 208513.34 H/s
  Nonce: 17,700,000 | Hashrate: 208546.32 H/s
  Nonce: 17,800,000 | Hashrate: 208648.56 H/s
  Nonce: 17,900,000 | Hashrate: 208551.48 H/s
  Nonce: 18,000,000 | Hashrate: 208633.60 H/s
  Nonce: 18,100,000 | Hashrate: 208708.86 H/s
  Nonce: 18,200,000 | Hashrate: 208709.60 H/s
  Nonce: 18,300,000 | Hashrate: 208651.56 H/s
  Nonce: 18,400,000 | Hashrate: 208693.16 H/s
  Nonce: 18,500,000 | Hashrate: 208686.87 H/s
  Nonce: 18,600,000 | Hashrate: 208674.69 H/s
  Nonce: 18,700,000 | Hashrate: 208662.63 H/s
  Nonce: 18,800,000 | Hashrate: 208710.96 H/s
  Nonce: 18,900,000 | Hashrate: 208795.04 H/s
  Nonce: 19,000,000 | Hashrate: 208867.12 H/s
  Nonce: 19,100,000 | Hashrate: 208645.63 H/s
  Nonce: 19,200,000 | Hashrate: 208657.86 H/s
  Nonce: 19,300,000 | Hashrate: 208704.53 H/s
  Nonce: 19,400,000 | Hashrate: 208709.47 H/s
  Nonce: 19,500,000 | Hashrate: 208633.98 H/s
  Nonce: 19,600,000 | Hashrate: 208658.18 H/s
  Nonce: 19,700,000 | Hashrate: 208479.94 H/s
  Nonce: 19,800,000 | Hashrate: 208393.93 H/s
  Nonce: 19,900,000 | Hashrate: 208133.36 H/s
  Nonce: 20,000,000 | Hashrate: 207939.21 H/s
  Nonce: 20,100,000 | Hashrate: 207786.68 H/s
  Nonce: 20,200,000 | Hashrate: 207892.71 H/s
  Nonce: 20,300,000 | Hashrate: 207877.26 H/s
  Nonce: 20,400,000 | Hashrate: 207933.07 H/s
  Nonce: 20,500,000 | Hashrate: 207954.33 H/s
  Nonce: 20,600,000 | Hashrate: 207754.54 H/s
  Nonce: 20,700,000 | Hashrate: 207749.71 H/s
  Nonce: 20,800,000 | Hashrate: 207689.46 H/s
  Nonce: 20,900,000 | Hashrate: 207619.59 H/s
  Nonce: 21,000,000 | Hashrate: 207557.60 H/s
  Nonce: 21,100,000 | Hashrate: 207389.91 H/s
  Nonce: 21,200,000 | Hashrate: 207280.98 H/s
  Nonce: 21,300,000 | Hashrate: 207181.24 H/s
  Nonce: 21,400,000 | Hashrate: 207043.08 H/s
  Nonce: 21,500,000 | Hashrate: 206995.48 H/s
  Nonce: 21,600,000 | Hashrate: 206952.01 H/s
  Nonce: 21,700,000 | Hashrate: 206887.40 H/s
  Nonce: 21,800,000 | Hashrate: 206818.62 H/s
  Nonce: 21,900,000 | Hashrate: 206715.73 H/s
  Nonce: 22,000,000 | Hashrate: 206741.51 H/s
  Nonce: 22,100,000 | Hashrate: 206747.04 H/s
  Nonce: 22,200,000 | Hashrate: 206738.07 H/s
  Nonce: 22,300,000 | Hashrate: 206752.07 H/s
  Nonce: 22,400,000 | Hashrate: 206535.74 H/s
  Nonce: 22,500,000 | Hashrate: 206450.84 H/s
  Nonce: 22,600,000 | Hashrate: 206330.04 H/s
  Nonce: 22,700,000 | Hashrate: 206315.63 H/s
  Nonce: 22,800,000 | Hashrate: 206315.58 H/s
  Nonce: 22,900,000 | Hashrate: 206335.91 H/s
  Nonce: 23,000,000 | Hashrate: 206397.74 H/s
  Nonce: 23,100,000 | Hashrate: 206398.08 H/s
  Nonce: 23,200,000 | Hashrate: 206417.67 H/s
  Nonce: 23,300,000 | Hashrate: 206237.01 H/s
  Nonce: 23,400,000 | Hashrate: 206239.56 H/s
  Nonce: 23,500,000 | Hashrate: 206236.36 H/s
  Nonce: 23,600,000 | Hashrate: 206162.87 H/s
  Nonce: 23,700,000 | Hashrate: 206173.81 H/s
  Nonce: 23,800,000 | Hashrate: 206192.27 H/s
  Nonce: 23,900,000 | Hashrate: 206093.80 H/s
  Nonce: 24,000,000 | Hashrate: 206060.15 H/s
  Nonce: 24,100,000 | Hashrate: 206036.48 H/s
  Nonce: 24,200,000 | Hashrate: 205991.71 H/s
  Nonce: 24,300,000 | Hashrate: 205887.42 H/s
  Nonce: 24,400,000 | Hashrate: 205875.43 H/s
  Nonce: 24,500,000 | Hashrate: 205886.48 H/s
  Nonce: 24,600,000 | Hashrate: 205905.71 H/s
  Nonce: 24,700,000 | Hashrate: 205946.48 H/s
  Nonce: 24,800,000 | Hashrate: 206001.71 H/s
  Nonce: 24,900,000 | Hashrate: 206016.13 H/s
  Nonce: 25,000,000 | Hashrate: 206029.16 H/s
  Nonce: 25,100,000 | Hashrate: 206027.02 H/s
  Nonce: 25,200,000 | Hashrate: 206016.39 H/s
  Nonce: 25,300,000 | Hashrate: 205918.36 H/s
  Nonce: 25,400,000 | Hashrate: 205946.29 H/s
  Nonce: 25,500,000 | Hashrate: 205994.32 H/s
  Nonce: 25,600,000 | Hashrate: 206028.90 H/s
  Nonce: 25,700,000 | Hashrate: 206044.77 H/s
  Nonce: 25,800,000 | Hashrate: 206071.88 H/s
  Nonce: 25,900,000 | Hashrate: 206098.39 H/s
  Nonce: 26,000,000 | Hashrate: 206089.21 H/s
  Nonce: 26,100,000 | Hashrate: 205990.77 H/s
  Nonce: 26,200,000 | Hashrate: 206002.71 H/s
  Nonce: 26,300,000 | Hashrate: 206039.03 H/s
  Nonce: 26,400,000 | Hashrate: 206099.44 H/s
  Nonce: 26,500,000 | Hashrate: 206172.82 H/s
  Nonce: 26,600,000 | Hashrate: 206172.19 H/s
  Nonce: 26,700,000 | Hashrate: 206094.24 H/s
  Nonce: 26,800,000 | Hashrate: 206076.92 H/s
  Nonce: 26,900,000 | Hashrate: 206103.87 H/s
  Nonce: 27,000,000 | Hashrate: 206006.08 H/s
  Nonce: 27,100,000 | Hashrate: 205954.15 H/s
  Nonce: 27,200,000 | Hashrate: 205964.94 H/s
  Nonce: 27,300,000 | Hashrate: 205987.94 H/s
  Nonce: 27,400,000 | Hashrate: 205987.94 H/s
  Nonce: 27,500,000 | Hashrate: 205889.47 H/s
  Nonce: 27,600,000 | Hashrate: 205889.87 H/s
  Nonce: 27,700,000 | Hashrate: 205929.18 H/s
  Nonce: 27,800,000 | Hashrate: 205877.26 H/s
  Nonce: 27,900,000 | Hashrate: 205914.48 H/s
  Nonce: 28,000,000 | Hashrate: 205930.66 H/s
  Nonce: 28,100,000 | Hashrate: 205956.59 H/s
  Nonce: 28,200,000 | Hashrate: 205961.66 H/s
  Nonce: 28,300,000 | Hashrate: 205963.94 H/s
  Nonce: 28,400,000 | Hashrate: 205955.26 H/s
  Nonce: 28,500,000 | Hashrate: 205968.70 H/s
  Nonce: 28,600,000 | Hashrate: 205944.73 H/s
  Nonce: 28,700,000 | Hashrate: 205931.46 H/s
  Nonce: 28,800,000 | Hashrate: 205902.46 H/s
  Nonce: 28,900,000 | Hashrate: 205846.77 H/s
  Nonce: 29,000,000 | Hashrate: 205845.34 H/s
  Nonce: 29,100,000 | Hashrate: 205841.79 H/s
  Nonce: 29,200,000 | Hashrate: 205851.45 H/s
  Nonce: 29,300,000 | Hashrate: 205850.03 H/s
  Nonce: 29,400,000 | Hashrate: 205827.35 H/s
  Nonce: 29,500,000 | Hashrate: 205843.81 H/s
  Nonce: 29,600,000 | Hashrate: 205853.23 H/s
  Nonce: 29,700,000 | Hashrate: 205873.00 H/s
  Nonce: 29,800,000 | Hashrate: 205899.17 H/s
  Nonce: 29,900,000 | Hashrate: 205901.78 H/s
  Nonce: 30,000,000 | Hashrate: 205855.27 H/s
  Nonce: 30,100,000 | Hashrate: 205857.46 H/s
  Nonce: 30,200,000 | Hashrate: 205867.91 H/s
  Nonce: 30,300,000 | Hashrate: 205845.65 H/s
  Nonce: 30,400,000 | Hashrate: 205851.83 H/s
  Nonce: 30,500,000 | Hashrate: 205847.87 H/s
  Nonce: 30,600,000 | Hashrate: 205871.67 H/s
  Nonce: 30,700,000 | Hashrate: 205887.15 H/s
  Nonce: 30,800,000 | Hashrate: 205909.69 H/s
  Nonce: 30,900,000 | Hashrate: 205933.91 H/s
  Nonce: 31,000,000 | Hashrate: 205939.87 H/s
  Nonce: 31,100,000 | Hashrate: 205955.81 H/s
  Nonce: 31,200,000 | Hashrate: 205957.13 H/s
  Nonce: 31,300,000 | Hashrate: 205966.96 H/s
  Nonce: 31,400,000 | Hashrate: 205857.71 H/s
  Nonce: 31,500,000 | Hashrate: 205786.04 H/s
  Nonce: 31,600,000 | Hashrate: 205743.33 H/s
  Nonce: 31,700,000 | Hashrate: 205695.10 H/s
  Nonce: 31,800,000 | Hashrate: 205695.08 H/s
  Nonce: 31,900,000 | Hashrate: 205674.26 H/s
  Nonce: 32,000,000 | Hashrate: 205637.73 H/s
  Nonce: 32,100,000 | Hashrate: 205639.59 H/s
  Nonce: 32,200,000 | Hashrate: 205626.71 H/s
  Nonce: 32,300,000 | Hashrate: 205557.53 H/s
  Nonce: 32,400,000 | Hashrate: 205555.03 H/s
  Nonce: 32,500,000 | Hashrate: 205498.80 H/s
  Nonce: 32,600,000 | Hashrate: 205552.08 H/s
  Nonce: 32,700,000 | Hashrate: 205567.07 H/s
  Nonce: 32,800,000 | Hashrate: 205540.35 H/s
  Nonce: 32,900,000 | Hashrate: 205435.63 H/s
  Nonce: 33,000,000 | Hashrate: 205339.91 H/s
  Nonce: 33,100,000 | Hashrate: 205243.07 H/s
  Nonce: 33,200,000 | Hashrate: 205293.31 H/s
  Nonce: 33,300,000 | Hashrate: 205326.11 H/s
  Nonce: 33,400,000 | Hashrate: 205369.86 H/s
  Nonce: 33,500,000 | Hashrate: 205389.04 H/s
  Nonce: 33,600,000 | Hashrate: 205407.29 H/s
  Nonce: 33,700,000 | Hashrate: 205444.96 H/s
  Nonce: 33,800,000 | Hashrate: 205495.73 H/s
  Nonce: 33,900,000 | Hashrate: 205533.26 H/s
  Nonce: 34,000,000 | Hashrate: 205516.71 H/s
  Nonce: 34,100,000 | Hashrate: 205572.57 H/s
  Nonce: 34,200,000 | Hashrate: 205604.88 H/s
  Nonce: 34,300,000 | Hashrate: 205599.72 H/s
  Nonce: 34,400,000 | Hashrate: 205618.34 H/s
  Nonce: 34,500,000 | Hashrate: 205633.18 H/s
  Nonce: 34,600,000 | Hashrate: 205668.75 H/s
  Nonce: 34,700,000 | Hashrate: 205670.58 H/s
  Nonce: 34,800,000 | Hashrate: 205649.31 H/s
  Nonce: 34,900,000 | Hashrate: 205623.16 H/s
  Nonce: 35,000,000 | Hashrate: 205591.38 H/s
  Nonce: 35,100,000 | Hashrate: 205554.28 H/s
  Nonce: 35,200,000 | Hashrate: 205512.51 H/s
  Nonce: 35,300,000 | Hashrate: 205491.78 H/s
  Nonce: 35,400,000 | Hashrate: 205483.75 H/s
  Nonce: 35,500,000 | Hashrate: 205438.91 H/s
  Nonce: 35,600,000 | Hashrate: 205427.02 H/s
  Nonce: 35,700,000 | Hashrate: 205503.88 H/s
  Nonce: 35,800,000 | Hashrate: 205534.67 H/s
  Nonce: 35,900,000 | Hashrate: 205538.38 H/s
  Nonce: 36,000,000 | Hashrate: 205575.44 H/s
  Nonce: 36,100,000 | Hashrate: 205541.88 H/s
  Nonce: 36,200,000 | Hashrate: 205441.75 H/s
  Nonce: 36,300,000 | Hashrate: 205385.67 H/s
  Nonce: 36,400,000 | Hashrate: 205341.92 H/s
  Nonce: 36,500,000 | Hashrate: 205323.10 H/s
  Nonce: 36,600,000 | Hashrate: 205310.91 H/s
  Nonce: 36,700,000 | Hashrate: 205286.73 H/s
  Nonce: 36,800,000 | Hashrate: 205259.25 H/s
  Nonce: 36,900,000 | Hashrate: 205266.72 H/s
  Nonce: 37,000,000 | Hashrate: 205298.70 H/s
  Nonce: 37,100,000 | Hashrate: 205296.53 H/s
  Nonce: 37,200,000 | Hashrate: 205277.71 H/s
  Nonce: 37,300,000 | Hashrate: 205282.81 H/s
  Nonce: 37,400,000 | Hashrate: 205302.25 H/s
  Nonce: 37,500,000 | Hashrate: 205298.75 H/s
  Nonce: 37,600,000 | Hashrate: 205292.04 H/s
  Nonce: 37,700,000 | Hashrate: 205308.74 H/s
  Nonce: 37,800,000 | Hashrate: 205346.92 H/s
  Nonce: 37,900,000 | Hashrate: 205362.11 H/s
  Nonce: 38,000,000 | Hashrate: 205383.61 H/s
  Nonce: 38,100,000 | Hashrate: 205414.74 H/s
  Nonce: 38,200,000 | Hashrate: 205395.04 H/s
  Nonce: 38,300,000 | Hashrate: 205387.96 H/s
  Nonce: 38,400,000 | Hashrate: 205409.11 H/s
  Nonce: 38,500,000 | Hashrate: 205426.06 H/s
  Nonce: 38,600,000 | Hashrate: 205445.35 H/s
  Nonce: 38,700,000 | Hashrate: 205443.07 H/s
  Nonce: 38,800,000 | Hashrate: 205468.04 H/s
  Nonce: 38,900,000 | Hashrate: 205433.49 H/s
  Nonce: 39,000,000 | Hashrate: 205446.65 H/s
  Nonce: 39,100,000 | Hashrate: 205351.56 H/s
  Nonce: 39,200,000 | Hashrate: 205262.80 H/s
  Nonce: 39,300,000 | Hashrate: 205311.87 H/s
  Nonce: 39,400,000 | Hashrate: 205326.70 H/s
  Nonce: 39,500,000 | Hashrate: 205368.67 H/s
  Nonce: 39,600,000 | Hashrate: 205431.43 H/s
  Nonce: 39,700,000 | Hashrate: 205489.94 H/s
  Nonce: 39,800,000 | Hashrate: 205472.46 H/s
  Nonce: 39,900,000 | Hashrate: 205452.62 H/s
  Nonce: 40,000,000 | Hashrate: 205448.80 H/s
  Nonce: 40,100,000 | Hashrate: 205422.23 H/s
  Nonce: 40,200,000 | Hashrate: 205459.48 H/s
  Nonce: 40,300,000 | Hashrate: 205457.74 H/s
  Nonce: 40,400,000 | Hashrate: 205502.80 H/s
  Nonce: 40,500,000 | Hashrate: 205553.13 H/s
  Nonce: 40,600,000 | Hashrate: 205608.59 H/s
  Nonce: 40,700,000 | Hashrate: 205637.07 H/s
  Nonce: 40,800,000 | Hashrate: 205609.26 H/s
  Nonce: 40,900,000 | Hashrate: 205562.38 H/s
  Nonce: 41,000,000 | Hashrate: 205517.02 H/s
  Nonce: 41,100,000 | Hashrate: 205528.55 H/s
  Nonce: 41,200,000 | Hashrate: 205467.25 H/s
  Nonce: 41,300,000 | Hashrate: 205461.25 H/s
  Nonce: 41,400,000 | Hashrate: 205458.48 H/s
  Nonce: 41,500,000 | Hashrate: 205470.87 H/s
  Nonce: 41,600,000 | Hashrate: 205480.10 H/s
  Nonce: 41,700,000 | Hashrate: 205512.43 H/s
  Nonce: 41,800,000 | Hashrate: 205487.19 H/s
  Nonce: 41,900,000 | Hashrate: 205470.24 H/s
  Nonce: 42,000,000 | Hashrate: 205491.43 H/s
  Nonce: 42,100,000 | Hashrate: 205487.96 H/s
  Nonce: 42,200,000 | Hashrate: 205451.26 H/s
  Nonce: 42,300,000 | Hashrate: 205411.71 H/s
  Nonce: 42,400,000 | Hashrate: 205427.50 H/s
  Nonce: 42,500,000 | Hashrate: 205445.26 H/s
  Nonce: 42,600,000 | Hashrate: 205438.54 H/s
  Nonce: 42,700,000 | Hashrate: 205409.58 H/s
  Nonce: 42,800,000 | Hashrate: 205399.72 H/s
  Nonce: 42,900,000 | Hashrate: 205422.51 H/s
  Nonce: 43,000,000 | Hashrate: 205473.79 H/s
  Nonce: 43,100,000 | Hashrate: 205452.13 H/s
  Nonce: 43,200,000 | Hashrate: 205457.47 H/s
  Nonce: 43,300,000 | Hashrate: 205468.91 H/s
  Nonce: 43,400,000 | Hashrate: 205474.50 H/s
  Nonce: 43,500,000 | Hashrate: 205481.14 H/s
  Nonce: 43,600,000 | Hashrate: 205471.81 H/s
  Nonce: 43,700,000 | Hashrate: 205492.01 H/s
  Nonce: 43,800,000 | Hashrate: 205541.62 H/s
  Nonce: 43,900,000 | Hashrate: 205579.96 H/s
  Nonce: 44,000,000 | Hashrate: 205576.82 H/s
  Nonce: 44,100,000 | Hashrate: 205606.78 H/s
  Nonce: 44,200,000 | Hashrate: 205614.86 H/s
  Nonce: 44,300,000 | Hashrate: 205640.61 H/s
  Nonce: 44,400,000 | Hashrate: 205647.49 H/s
  Nonce: 44,500,000 | Hashrate: 205647.47 H/s
  Nonce: 44,600,000 | Hashrate: 205669.16 H/s
  Nonce: 44,700,000 | Hashrate: 205677.25 H/s
  Nonce: 44,800,000 | Hashrate: 205725.96 H/s
  Nonce: 44,900,000 | Hashrate: 205769.26 H/s
  Nonce: 45,000,000 | Hashrate: 205791.75 H/s
  Nonce: 45,100,000 | Hashrate: 205808.14 H/s
  Nonce: 45,200,000 | Hashrate: 205779.89 H/s
  Nonce: 45,300,000 | Hashrate: 205757.91 H/s
  Nonce: 45,400,000 | Hashrate: 205752.01 H/s
  Nonce: 45,500,000 | Hashrate: 205757.52 H/s
  Nonce: 45,600,000 | Hashrate: 205755.03 H/s
  Nonce: 45,700,000 | Hashrate: 205778.89 H/s
  Nonce: 45,800,000 | Hashrate: 205756.70 H/s
  Nonce: 45,900,000 | Hashrate: 205753.12 H/s
  Nonce: 46,000,000 | Hashrate: 205793.56 H/s
  Nonce: 46,100,000 | Hashrate: 205823.50 H/s
  Nonce: 46,200,000 | Hashrate: 205846.75 H/s
  Nonce: 46,300,000 | Hashrate: 205860.30 H/s
  Nonce: 46,400,000 | Hashrate: 205884.28 H/s
  Nonce: 46,500,000 | Hashrate: 205888.55 H/s
  Nonce: 46,600,000 | Hashrate: 205880.47 H/s
  Nonce: 46,700,000 | Hashrate: 205880.08 H/s
  Nonce: 46,800,000 | Hashrate: 205905.79 H/s
  Nonce: 46,900,000 | Hashrate: 205931.29 H/s
  Nonce: 47,000,000 | Hashrate: 205917.51 H/s
  Nonce: 47,100,000 | Hashrate: 205959.53 H/s
  Nonce: 47,200,000 | Hashrate: 205984.08 H/s
  Nonce: 47,300,000 | Hashrate: 206016.44 H/s
  Nonce: 47,400,000 | Hashrate: 206052.74 H/s
  Nonce: 47,500,000 | Hashrate: 206081.34 H/s
  Nonce: 47,600,000 | Hashrate: 206073.16 H/s
  Nonce: 47,700,000 | Hashrate: 206105.46 H/s
  Nonce: 47,800,000 | Hashrate: 206125.50 H/s
  Nonce: 47,900,000 | Hashrate: 206140.15 H/s
  Nonce: 48,000,000 | Hashrate: 206161.97 H/s
  Nonce: 48,100,000 | Hashrate: 206127.03 H/s
  Nonce: 48,200,000 | Hashrate: 206134.23 H/s
  Nonce: 48,300,000 | Hashrate: 206147.04 H/s
  Nonce: 48,400,000 | Hashrate: 206167.71 H/s
  Nonce: 48,500,000 | Hashrate: 206204.07 H/s
  Nonce: 48,600,000 | Hashrate: 206214.64 H/s
  Nonce: 48,700,000 | Hashrate: 206152.56 H/s
  Nonce: 48,800,000 | Hashrate: 206111.55 H/s
  Nonce: 48,900,000 | Hashrate: 206088.96 H/s
  Nonce: 49,000,000 | Hashrate: 206075.67 H/s
  Nonce: 49,100,000 | Hashrate: 206090.58 H/s
  Nonce: 49,200,000 | Hashrate: 206101.27 H/s
  Nonce: 49,300,000 | Hashrate: 206076.70 H/s
  Nonce: 49,400,000 | Hashrate: 206081.39 H/s
  Nonce: 49,500,000 | Hashrate: 206045.67 H/s
  Nonce: 49,600,000 | Hashrate: 205985.41 H/s
  Nonce: 49,700,000 | Hashrate: 205991.91 H/s
  Nonce: 49,800,000 | Hashrate: 206012.75 H/s
  Nonce: 49,900,000 | Hashrate: 206035.62 H/s
  Nonce: 50,000,000 | Hashrate: 206019.84 H/s
  Nonce: 50,100,000 | Hashrate: 205925.40 H/s
  Nonce: 50,200,000 | Hashrate: 205847.62 H/s
  Nonce: 50,300,000 | Hashrate: 205808.88 H/s
  Nonce: 50,400,000 | Hashrate: 205717.13 H/s
  Nonce: 50,500,000 | Hashrate: 205666.35 H/s
  Nonce: 50,600,000 | Hashrate: 205662.23 H/s
  Nonce: 50,700,000 | Hashrate: 205674.23 H/s
  Nonce: 50,800,000 | Hashrate: 205661.54 H/s
  Nonce: 50,900,000 | Hashrate: 205674.91 H/s
  Nonce: 51,000,000 | Hashrate: 205677.20 H/s
  Nonce: 51,100,000 | Hashrate: 205639.78 H/s
  Nonce: 51,200,000 | Hashrate: 205636.18 H/s
  Nonce: 51,300,000 | Hashrate: 205603.48 H/s
  Nonce: 51,400,000 | Hashrate: 205579.85 H/s
  Nonce: 51,500,000 | Hashrate: 205568.54 H/s
  Nonce: 51,600,000 | Hashrate: 205572.29 H/s
  Nonce: 51,700,000 | Hashrate: 205580.51 H/s
  Nonce: 51,800,000 | Hashrate: 205585.52 H/s
  Nonce: 51,900,000 | Hashrate: 205587.93 H/s
  Nonce: 52,000,000 | Hashrate: 205594.69 H/s
  Nonce: 52,100,000 | Hashrate: 205585.51 H/s
  Nonce: 52,200,000 | Hashrate: 205583.43 H/s
  Nonce: 52,300,000 | Hashrate: 205578.02 H/s
  Nonce: 52,400,000 | Hashrate: 205597.08 H/s
  Nonce: 52,500,000 | Hashrate: 205660.44 H/s
  Nonce: 52,600,000 | Hashrate: 205705.70 H/s
  Nonce: 52,700,000 | Hashrate: 205736.70 H/s
  Nonce: 52,800,000 | Hashrate: 205773.02 H/s
  Nonce: 52,900,000 | Hashrate: 205802.89 H/s
  Nonce: 53,000,000 | Hashrate: 205821.23 H/s
  Nonce: 53,100,000 | Hashrate: 205846.55 H/s
  Nonce: 53,200,000 | Hashrate: 205860.01 H/s
  Nonce: 53,300,000 | Hashrate: 205838.28 H/s
  Nonce: 53,400,000 | Hashrate: 205814.56 H/s
  Nonce: 53,500,000 | Hashrate: 205822.10 H/s
  Nonce: 53,600,000 | Hashrate: 205841.55 H/s
  Nonce: 53,700,000 | Hashrate: 205843.80 H/s
  Nonce: 53,800,000 | Hashrate: 205848.66 H/s
  Nonce: 53,900,000 | Hashrate: 205871.02 H/s
  Nonce: 54,000,000 | Hashrate: 205878.11 H/s
  Nonce: 54,100,000 | Hashrate: 205876.31 H/s
  Nonce: 54,200,000 | Hashrate: 205845.41 H/s
  Nonce: 54,300,000 | Hashrate: 205861.57 H/s
  Nonce: 54,400,000 | Hashrate: 205874.66 H/s
  Nonce: 54,500,000 | Hashrate: 205863.41 H/s
  Nonce: 54,600,000 | Hashrate: 205836.82 H/s
  Nonce: 54,700,000 | Hashrate: 205868.49 H/s
  Nonce: 54,800,000 | Hashrate: 205913.14 H/s
  Nonce: 54,900,000 | Hashrate: 205905.41 H/s
  Nonce: 55,000,000 | Hashrate: 205900.30 H/s
  Nonce: 55,100,000 | Hashrate: 205908.80 H/s
  Nonce: 55,200,000 | Hashrate: 205922.45 H/s
  Nonce: 55,300,000 | Hashrate: 205930.78 H/s
  Nonce: 55,400,000 | Hashrate: 205968.69 H/s
  Nonce: 55,500,000 | Hashrate: 206000.53 H/s
  Nonce: 55,600,000 | Hashrate: 206023.47 H/s
  Nonce: 55,700,000 | Hashrate: 206038.15 H/s
  Nonce: 55,800,000 | Hashrate: 206064.30 H/s
  Nonce: 55,900,000 | Hashrate: 206103.31 H/s
  Nonce: 56,000,000 | Hashrate: 206152.72 H/s
  Nonce: 56,100,000 | Hashrate: 206202.51 H/s
  Nonce: 56,200,000 | Hashrate: 206160.32 H/s
  Nonce: 56,300,000 | Hashrate: 206157.21 H/s
  Nonce: 56,400,000 | Hashrate: 206176.52 H/s
  Nonce: 56,500,000 | Hashrate: 206216.36 H/s
  Nonce: 56,600,000 | Hashrate: 206258.01 H/s
  Nonce: 56,700,000 | Hashrate: 206274.91 H/s
  Nonce: 56,800,000 | Hashrate: 206298.49 H/s
  Nonce: 56,900,000 | Hashrate: 206314.27 H/s
  Nonce: 57,000,000 | Hashrate: 206323.43 H/s
  Nonce: 57,100,000 | Hashrate: 206333.75 H/s
  Nonce: 57,200,000 | Hashrate: 206356.22 H/s
  Nonce: 57,300,000 | Hashrate: 206387.19 H/s
  Nonce: 57,400,000 | Hashrate: 206418.97 H/s
  Nonce: 57,500,000 | Hashrate: 206444.86 H/s
  Nonce: 57,600,000 | Hashrate: 206469.89 H/s
  Nonce: 57,700,000 | Hashrate: 206484.40 H/s
  Nonce: 57,800,000 | Hashrate: 206493.13 H/s
  Nonce: 57,900,000 | Hashrate: 206503.99 H/s
  Nonce: 58,000,000 | Hashrate: 206498.43 H/s
  Nonce: 58,100,000 | Hashrate: 206518.20 H/s
  Nonce: 58,200,000 | Hashrate: 206506.72 H/s
  Nonce: 58,300,000 | Hashrate: 206522.10 H/s
  Nonce: 58,400,000 | Hashrate: 206546.85 H/s
  Nonce: 58,500,000 | Hashrate: 206550.55 H/s
  Nonce: 58,600,000 | Hashrate: 206590.23 H/s
  Nonce: 58,700,000 | Hashrate: 206609.26 H/s
  Nonce: 58,800,000 | Hashrate: 206617.33 H/s
  Nonce: 58,900,000 | Hashrate: 206630.59 H/s
  Nonce: 59,000,000 | Hashrate: 206651.03 H/s
  Nonce: 59,100,000 | Hashrate: 206660.10 H/s
  Nonce: 59,200,000 | Hashrate: 206685.33 H/s
  Nonce: 59,300,000 | Hashrate: 206685.96 H/s
  Nonce: 59,400,000 | Hashrate: 206721.08 H/s
  Nonce: 59,500,000 | Hashrate: 206740.88 H/s
  Nonce: 59,600,000 | Hashrate: 206717.59 H/s
  Nonce: 59,700,000 | Hashrate: 206686.97 H/s
  Nonce: 59,800,000 | Hashrate: 206699.45 H/s
  Nonce: 59,900,000 | Hashrate: 206676.09 H/s
  Nonce: 60,000,000 | Hashrate: 206643.39 H/s
  Nonce: 60,100,000 | Hashrate: 206645.85 H/s
  Nonce: 60,200,000 | Hashrate: 206658.93 H/s
  Nonce: 60,300,000 | Hashrate: 206688.20 H/s
  Nonce: 60,400,000 | Hashrate: 206678.35 H/s
  Nonce: 60,500,000 | Hashrate: 206669.01 H/s
  Nonce: 60,600,000 | Hashrate: 206660.86 H/s
  Nonce: 60,700,000 | Hashrate: 206694.45 H/s
  Nonce: 60,800,000 | Hashrate: 206691.12 H/s
  Nonce: 60,900,000 | Hashrate: 206694.95 H/s
  Nonce: 61,000,000 | Hashrate: 206699.02 H/s
  Nonce: 61,100,000 | Hashrate: 206708.19 H/s
  Nonce: 61,200,000 | Hashrate: 206609.80 H/s
  Nonce: 61,300,000 | Hashrate: 206512.22 H/s
  Nonce: 61,400,000 | Hashrate: 206469.76 H/s
  Nonce: 61,500,000 | Hashrate: 206473.49 H/s
  Nonce: 61,600,000 | Hashrate: 206468.47 H/s
  Nonce: 61,700,000 | Hashrate: 206486.38 H/s
  Nonce: 61,800,000 | Hashrate: 206473.43 H/s
  Nonce: 61,900,000 | Hashrate: 206486.27 H/s
  Nonce: 62,000,000 | Hashrate: 206506.34 H/s
  Nonce: 62,100,000 | Hashrate: 206524.66 H/s
  Nonce: 62,200,000 | Hashrate: 206539.39 H/s
  Nonce: 62,300,000 | Hashrate: 206546.61 H/s
  Nonce: 62,400,000 | Hashrate: 206550.22 H/s
  Nonce: 62,500,000 | Hashrate: 206565.11 H/s
  Nonce: 62,600,000 | Hashrate: 206549.22 H/s
  Nonce: 62,700,000 | Hashrate: 206540.51 H/s
  Nonce: 62,800,000 | Hashrate: 206518.81 H/s
  Nonce: 62,900,000 | Hashrate: 206509.54 H/s
  Nonce: 63,000,000 | Hashrate: 206524.03 H/s
  Nonce: 63,100,000 | Hashrate: 206511.11 H/s
  Nonce: 63,200,000 | Hashrate: 206523.18 H/s
  Nonce: 63,300,000 | Hashrate: 206504.82 H/s
  Nonce: 63,400,000 | Hashrate: 206514.83 H/s
  Nonce: 63,500,000 | Hashrate: 206524.46 H/s
  Nonce: 63,600,000 | Hashrate: 206525.32 H/s
  Nonce: 63,700,000 | Hashrate: 206531.57 H/s
  Nonce: 63,800,000 | Hashrate: 206533.95 H/s
  Nonce: 63,900,000 | Hashrate: 206534.56 H/s
  Nonce: 64,000,000 | Hashrate: 206534.22 H/s
  Nonce: 64,100,000 | Hashrate: 206518.69 H/s
  Nonce: 64,200,000 | Hashrate: 206525.73 H/s
  Nonce: 64,300,000 | Hashrate: 206530.37 H/s
  Nonce: 64,400,000 | Hashrate: 206550.00 H/s
  Nonce: 64,500,000 | Hashrate: 206547.25 H/s
  Nonce: 64,600,000 | Hashrate: 206569.59 H/s
  Nonce: 64,700,000 | Hashrate: 206593.18 H/s
  Nonce: 64,800,000 | Hashrate: 206580.13 H/s
  Nonce: 64,900,000 | Hashrate: 206576.28 H/s
  Nonce: 65,000,000 | Hashrate: 206600.40 H/s
  Nonce: 65,100,000 | Hashrate: 206622.78 H/s
  Nonce: 65,200,000 | Hashrate: 206613.54 H/s
  Nonce: 65,300,000 | Hashrate: 206615.37 H/s
  Nonce: 65,400,000 | Hashrate: 206619.45 H/s
  Nonce: 65,500,000 | Hashrate: 206617.11 H/s
  Nonce: 65,600,000 | Hashrate: 206627.37 H/s
  Nonce: 65,700,000 | Hashrate: 206642.46 H/s
  Nonce: 65,800,000 | Hashrate: 206626.20 H/s
  Nonce: 65,900,000 | Hashrate: 206620.42 H/s
  Nonce: 66,000,000 | Hashrate: 206622.71 H/s
  Nonce: 66,100,000 | Hashrate: 206625.43 H/s
  Nonce: 66,200,000 | Hashrate: 206610.68 H/s
  Nonce: 66,300,000 | Hashrate: 206583.28 H/s
  Nonce: 66,400,000 | Hashrate: 206568.55 H/s
  Nonce: 66,500,000 | Hashrate: 206590.71 H/s
  Nonce: 66,600,000 | Hashrate: 206609.00 H/s
  Nonce: 66,700,000 | Hashrate: 206593.35 H/s
  Nonce: 66,800,000 | Hashrate: 206618.59 H/s
  Nonce: 66,900,000 | Hashrate: 206630.26 H/s
  Nonce: 67,000,000 | Hashrate: 206625.08 H/s
  Nonce: 67,100,000 | Hashrate: 206632.89 H/s
  Nonce: 67,200,000 | Hashrate: 206593.14 H/s
  Nonce: 67,300,000 | Hashrate: 206586.09 H/s
  Nonce: 67,400,000 | Hashrate: 206574.90 H/s
  Nonce: 67,500,000 | Hashrate: 206526.28 H/s
  Nonce: 67,600,000 | Hashrate: 206542.13 H/s
  Nonce: 67,700,000 | Hashrate: 206504.97 H/s
  Nonce: 67,800,000 | Hashrate: 206486.07 H/s
  Nonce: 67,900,000 | Hashrate: 206488.31 H/s
  Nonce: 68,000,000 | Hashrate: 206494.10 H/s
  Nonce: 68,100,000 | Hashrate: 206508.30 H/s
  Nonce: 68,200,000 | Hashrate: 206518.96 H/s
  Nonce: 68,300,000 | Hashrate: 206515.89 H/s
  Nonce: 68,400,000 | Hashrate: 206516.49 H/s
  Nonce: 68,500,000 | Hashrate: 206517.44 H/s
  Nonce: 68,600,000 | Hashrate: 206506.07 H/s
  Nonce: 68,700,000 | Hashrate: 206513.36 H/s
  Nonce: 68,800,000 | Hashrate: 206530.65 H/s
  Nonce: 68,900,000 | Hashrate: 206525.20 H/s
  Nonce: 69,000,000 | Hashrate: 206540.84 H/s
  Nonce: 69,100,000 | Hashrate: 206519.72 H/s
  Nonce: 69,200,000 | Hashrate: 206532.26 H/s
  Nonce: 69,300,000 | Hashrate: 206549.37 H/s
  Nonce: 69,400,000 | Hashrate: 206541.00 H/s
  Nonce: 69,500,000 | Hashrate: 206540.85 H/s
  Nonce: 69,600,000 | Hashrate: 206560.16 H/s
  Nonce: 69,700,000 | Hashrate: 206572.55 H/s
  Nonce: 69,800,000 | Hashrate: 206568.12 H/s
  Nonce: 69,900,000 | Hashrate: 206574.58 H/s
  Nonce: 70,000,000 | Hashrate: 206547.25 H/s
  Nonce: 70,100,000 | Hashrate: 206517.06 H/s
  Nonce: 70,200,000 | Hashrate: 206538.15 H/s
  Nonce: 70,300,000 | Hashrate: 206555.60 H/s
  Nonce: 70,400,000 | Hashrate: 206540.84 H/s
  Nonce: 70,500,000 | Hashrate: 206494.68 H/s
  Nonce: 70,600,000 | Hashrate: 206449.30 H/s
  Nonce: 70,700,000 | Hashrate: 206427.80 H/s
  Nonce: 70,800,000 | Hashrate: 206403.95 H/s
  Nonce: 70,900,000 | Hashrate: 206396.07 H/s
  Nonce: 71,000,000 | Hashrate: 206409.12 H/s
  Nonce: 71,100,000 | Hashrate: 206399.45 H/s
  Nonce: 71,200,000 | Hashrate: 206405.13 H/s
  Nonce: 71,300,000 | Hashrate: 206418.94 H/s
  Nonce: 71,400,000 | Hashrate: 206380.55 H/s
  Nonce: 71,500,000 | Hashrate: 206352.87 H/s
  Nonce: 71,600,000 | Hashrate: 206352.47 H/s
  Nonce: 71,700,000 | Hashrate: 206363.13 H/s
  Nonce: 71,800,000 | Hashrate: 206368.02 H/s
  Nonce: 71,900,000 | Hashrate: 206373.92 H/s
  Nonce: 72,000,000 | Hashrate: 206316.99 H/s
  Nonce: 72,100,000 | Hashrate: 206307.62 H/s
  Nonce: 72,200,000 | Hashrate: 206296.08 H/s
  Nonce: 72,300,000 | Hashrate: 206257.51 H/s
  Nonce: 72,400,000 | Hashrate: 206248.13 H/s
  Nonce: 72,500,000 | Hashrate: 206238.85 H/s
  Nonce: 72,600,000 | Hashrate: 206240.91 H/s
  Nonce: 72,700,000 | Hashrate: 206229.73 H/s
  Nonce: 72,800,000 | Hashrate: 206216.41 H/s
  Nonce: 72,900,000 | Hashrate: 206192.99 H/s
  Nonce: 73,000,000 | Hashrate: 206168.20 H/s
  Nonce: 73,100,000 | Hashrate: 206171.75 H/s
  Nonce: 73,200,000 | Hashrate: 206160.71 H/s
  Nonce: 73,300,000 | Hashrate: 206165.13 H/s
  Nonce: 73,400,000 | Hashrate: 206107.71 H/s
  Nonce: 73,500,000 | Hashrate: 206078.20 H/s
  Nonce: 73,600,000 | Hashrate: 206041.22 H/s
  Nonce: 73,700,000 | Hashrate: 205951.07 H/s
  Nonce: 73,800,000 | Hashrate: 205944.18 H/s
  Nonce: 73,900,000 | Hashrate: 205928.75 H/s
  Nonce: 74,000,000 | Hashrate: 205928.24 H/s
  Nonce: 74,100,000 | Hashrate: 205928.22 H/s
  Nonce: 74,200,000 | Hashrate: 205936.15 H/s
  Nonce: 74,300,000 | Hashrate: 205956.68 H/s
  Nonce: 74,400,000 | Hashrate: 205948.19 H/s
  Nonce: 74,500,000 | Hashrate: 205956.79 H/s
  Nonce: 74,600,000 | Hashrate: 205941.69 H/s
  Nonce: 74,700,000 | Hashrate: 205941.57 H/s
  Nonce: 74,800,000 | Hashrate: 205950.66 H/s
  Nonce: 74,900,000 | Hashrate: 205969.48 H/s
  Nonce: 75,000,000 | Hashrate: 205980.52 H/s
  Nonce: 75,100,000 | Hashrate: 205990.64 H/s
  Nonce: 75,200,000 | Hashrate: 205932.17 H/s
  Nonce: 75,300,000 | Hashrate: 205923.32 H/s
  Nonce: 75,400,000 | Hashrate: 205919.74 H/s
  Nonce: 75,500,000 | Hashrate: 205927.74 H/s
  Nonce: 75,600,000 | Hashrate: 205922.78 H/s
  Nonce: 75,700,000 | Hashrate: 205910.12 H/s
  Nonce: 75,800,000 | Hashrate: 205908.03 H/s
  Nonce: 75,900,000 | Hashrate: 205888.73 H/s
  Nonce: 76,000,000 | Hashrate: 205863.26 H/s
  Nonce: 76,100,000 | Hashrate: 205802.08 H/s
  Nonce: 76,200,000 | Hashrate: 205753.77 H/s
  Nonce: 76,300,000 | Hashrate: 205745.49 H/s
  Nonce: 76,400,000 | Hashrate: 205743.70 H/s
  Nonce: 76,500,000 | Hashrate: 205732.11 H/s
  Nonce: 76,600,000 | Hashrate: 205682.93 H/s
  Nonce: 76,700,000 | Hashrate: 205673.96 H/s
  Nonce: 76,800,000 | Hashrate: 205647.08 H/s
  Nonce: 76,900,000 | Hashrate: 205643.54 H/s
  Nonce: 77,000,000 | Hashrate: 205639.44 H/s
  Nonce: 77,100,000 | Hashrate: 205658.91 H/s
  Nonce: 77,200,000 | Hashrate: 205666.09 H/s
  Nonce: 77,300,000 | Hashrate: 205675.97 H/s
  Nonce: 77,400,000 | Hashrate: 205671.55 H/s
  Nonce: 77,500,000 | Hashrate: 205678.62 H/s
  Nonce: 77,600,000 | Hashrate: 205684.52 H/s
  Nonce: 77,700,000 | Hashrate: 205681.29 H/s
  Nonce: 77,800,000 | Hashrate: 205665.75 H/s
  Nonce: 77,900,000 | Hashrate: 205649.09 H/s
  Nonce: 78,000,000 | Hashrate: 205622.39 H/s
  Nonce: 78,100,000 | Hashrate: 205616.88 H/s
  Nonce: 78,200,000 | Hashrate: 205614.81 H/s
  Nonce: 78,300,000 | Hashrate: 205606.23 H/s
  Nonce: 78,400,000 | Hashrate: 205603.15 H/s
  Nonce: 78,500,000 | Hashrate: 205596.90 H/s
  Nonce: 78,600,000 | Hashrate: 205581.68 H/s
  Nonce: 78,700,000 | Hashrate: 205522.59 H/s
  Nonce: 78,800,000 | Hashrate: 205516.13 H/s
  Nonce: 78,900,000 | Hashrate: 205527.81 H/s
  Nonce: 79,000,000 | Hashrate: 205544.03 H/s
  Nonce: 79,100,000 | Hashrate: 205558.99 H/s
  Nonce: 79,200,000 | Hashrate: 205573.78 H/s
  Nonce: 79,300,000 | Hashrate: 205555.09 H/s
  Nonce: 79,400,000 | Hashrate: 205561.44 H/s
  Nonce: 79,500,000 | Hashrate: 205565.95 H/s
  Nonce: 79,600,000 | Hashrate: 205558.22 H/s
  Nonce: 79,700,000 | Hashrate: 205546.72 H/s
  Nonce: 79,800,000 | Hashrate: 205536.23 H/s
  Nonce: 79,900,000 | Hashrate: 205554.38 H/s
  Nonce: 80,000,000 | Hashrate: 205570.02 H/s
  Nonce: 80,100,000 | Hashrate: 205543.87 H/s
  Nonce: 80,200,000 | Hashrate: 205483.48 H/s
  Nonce: 80,300,000 | Hashrate: 205450.53 H/s
  Nonce: 80,400,000 | Hashrate: 205464.62 H/s
  Nonce: 80,500,000 | Hashrate: 205415.10 H/s
  Nonce: 80,600,000 | Hashrate: 205421.25 H/s
  Nonce: 80,700,000 | Hashrate: 205426.34 H/s
  Nonce: 80,800,000 | Hashrate: 205399.72 H/s
  Nonce: 80,900,000 | Hashrate: 205381.54 H/s
  Nonce: 81,000,000 | Hashrate: 205384.27 H/s
  Nonce: 81,100,000 | Hashrate: 205376.94 H/s
  Nonce: 81,200,000 | Hashrate: 205374.32 H/s
  Nonce: 81,300,000 | Hashrate: 205352.99 H/s
  Nonce: 81,400,000 | Hashrate: 205337.14 H/s
  Nonce: 81,500,000 | Hashrate: 205304.17 H/s
  Nonce: 81,600,000 | Hashrate: 205297.18 H/s
  Nonce: 81,700,000 | Hashrate: 205276.21 H/s
  Nonce: 81,800,000 | Hashrate: 205275.47 H/s
  Nonce: 81,900,000 | Hashrate: 205290.18 H/s
  Nonce: 82,000,000 | Hashrate: 205286.54 H/s
  Nonce: 82,100,000 | Hashrate: 205271.81 H/s
  Nonce: 82,200,000 | Hashrate: 205258.56 H/s
  Nonce: 82,300,000 | Hashrate: 205224.73 H/s
  Nonce: 82,400,000 | Hashrate: 205197.15 H/s
  Nonce: 82,500,000 | Hashrate: 205194.68 H/s
  Nonce: 82,600,000 | Hashrate: 205199.66 H/s
  Nonce: 82,700,000 | Hashrate: 205204.17 H/s
  Nonce: 82,800,000 | Hashrate: 205190.57 H/s
  Nonce: 82,900,000 | Hashrate: 205182.52 H/s
  Nonce: 83,000,000 | Hashrate: 205181.25 H/s
  Nonce: 83,100,000 | Hashrate: 205170.28 H/s
  Nonce: 83,200,000 | Hashrate: 205175.55 H/s
  Nonce: 83,300,000 | Hashrate: 205176.26 H/s
  Nonce: 83,400,000 | Hashrate: 205199.54 H/s
  Nonce: 83,500,000 | Hashrate: 205214.67 H/s
  Nonce: 83,600,000 | Hashrate: 205230.87 H/s
  Nonce: 83,700,000 | Hashrate: 205203.79 H/s
  Nonce: 83,800,000 | Hashrate: 205176.06 H/s
  Nonce: 83,900,000 | Hashrate: 205174.82 H/s
  Nonce: 84,000,000 | Hashrate: 205163.24 H/s
  Nonce: 84,100,000 | Hashrate: 205151.64 H/s
  Nonce: 84,200,000 | Hashrate: 205142.10 H/s
  Nonce: 84,300,000 | Hashrate: 205130.70 H/s
  Nonce: 84,400,000 | Hashrate: 205116.54 H/s
  Nonce: 84,500,000 | Hashrate: 205112.72 H/s
  Nonce: 84,600,000 | Hashrate: 205113.10 H/s
  Nonce: 84,700,000 | Hashrate: 205113.14 H/s
  Nonce: 84,800,000 | Hashrate: 205101.66 H/s
  Nonce: 84,900,000 | Hashrate: 205103.80 H/s
  Nonce: 85,000,000 | Hashrate: 205112.24 H/s
  Nonce: 85,100,000 | Hashrate: 205126.89 H/s
  Nonce: 85,200,000 | Hashrate: 205122.71 H/s
  Nonce: 85,300,000 | Hashrate: 205112.37 H/s
  Nonce: 85,400,000 | Hashrate: 205099.44 H/s
  Nonce: 85,500,000 | Hashrate: 205066.28 H/s
  Nonce: 85,600,000 | Hashrate: 205030.89 H/s
  Nonce: 85,700,000 | Hashrate: 205000.15 H/s
  Nonce: 85,800,000 | Hashrate: 204981.14 H/s
  Nonce: 85,900,000 | Hashrate: 204971.52 H/s
  Nonce: 86,000,000 | Hashrate: 204976.39 H/s
  Nonce: 86,100,000 | Hashrate: 204976.42 H/s
  Nonce: 86,200,000 | Hashrate: 204964.84 H/s
  Nonce: 86,300,000 | Hashrate: 204964.30 H/s
  Nonce: 86,400,000 | Hashrate: 204954.88 H/s
  Nonce: 86,500,000 | Hashrate: 204956.02 H/s
  Nonce: 86,600,000 | Hashrate: 204930.36 H/s
  Nonce: 86,700,000 | Hashrate: 204918.59 H/s
  Nonce: 86,800,000 | Hashrate: 204927.17 H/s
  Nonce: 86,900,000 | Hashrate: 204931.72 H/s
  Nonce: 87,000,000 | Hashrate: 204935.39 H/s
  Nonce: 87,100,000 | Hashrate: 204928.94 H/s
  Nonce: 87,200,000 | Hashrate: 204906.44 H/s
  Nonce: 87,300,000 | Hashrate: 204909.57 H/s
  Nonce: 87,400,000 | Hashrate: 204914.87 H/s
  Nonce: 87,500,000 | Hashrate: 204932.87 H/s
  Nonce: 87,600,000 | Hashrate: 204949.55 H/s
  Nonce: 87,700,000 | Hashrate: 204952.03 H/s
  Nonce: 87,800,000 | Hashrate: 204958.17 H/s
  Nonce: 87,900,000 | Hashrate: 204964.27 H/s
  Nonce: 88,000,000 | Hashrate: 204991.04 H/s
  Nonce: 88,100,000 | Hashrate: 205017.54 H/s
  Nonce: 88,200,000 | Hashrate: 205035.44 H/s
  Nonce: 88,300,000 | Hashrate: 205020.00 H/s
  Nonce: 88,400,000 | Hashrate: 204986.99 H/s
  Nonce: 88,500,000 | Hashrate: 204954.64 H/s
  Nonce: 88,600,000 | Hashrate: 204918.07 H/s
  Nonce: 88,700,000 | Hashrate: 204891.36 H/s
  Nonce: 88,800,000 | Hashrate: 204870.16 H/s
  Nonce: 88,900,000 | Hashrate: 204878.42 H/s
  Nonce: 89,000,000 | Hashrate: 204886.64 H/s
  Nonce: 89,100,000 | Hashrate: 204908.86 H/s
  Nonce: 89,200,000 | Hashrate: 204914.57 H/s
  Nonce: 89,300,000 | Hashrate: 204924.63 H/s
  Nonce: 89,400,000 | Hashrate: 204929.70 H/s
  Nonce: 89,500,000 | Hashrate: 204924.76 H/s
  Nonce: 89,600,000 | Hashrate: 204930.13 H/s
  Nonce: 89,700,000 | Hashrate: 204929.61 H/s
  Nonce: 89,800,000 | Hashrate: 204951.11 H/s
  Nonce: 89,900,000 | Hashrate: 204967.58 H/s
  Nonce: 90,000,000 | Hashrate: 204981.56 H/s
  Nonce: 90,100,000 | Hashrate: 204996.65 H/s
  Nonce: 90,200,000 | Hashrate: 205013.54 H/s
  Nonce: 90,300,000 | Hashrate: 205033.49 H/s
  Nonce: 90,400,000 | Hashrate: 205036.49 H/s
  Nonce: 90,500,000 | Hashrate: 205048.11 H/s
  Nonce: 90,600,000 | Hashrate: 205052.49 H/s
  Nonce: 90,700,000 | Hashrate: 205068.16 H/s
  Nonce: 90,800,000 | Hashrate: 205076.57 H/s
  Nonce: 90,900,000 | Hashrate: 205095.24 H/s
  Nonce: 91,000,000 | Hashrate: 205103.75 H/s
  Nonce: 91,100,000 | Hashrate: 205091.89 H/s
  Nonce: 91,200,000 | Hashrate: 205098.87 H/s
  Nonce: 91,300,000 | Hashrate: 205105.09 H/s
  Nonce: 91,400,000 | Hashrate: 205129.70 H/s
  Nonce: 91,500,000 | Hashrate: 205140.74 H/s
  Nonce: 91,600,000 | Hashrate: 205136.07 H/s
  Nonce: 91,700,000 | Hashrate: 205130.63 H/s
  Nonce: 91,800,000 | Hashrate: 205137.45 H/s
  Nonce: 91,900,000 | Hashrate: 205134.13 H/s
  Nonce: 92,000,000 | Hashrate: 205127.23 H/s
  Nonce: 92,100,000 | Hashrate: 205147.35 H/s
  Nonce: 92,200,000 | Hashrate: 205161.82 H/s
  Nonce: 92,300,000 | Hashrate: 205139.96 H/s
  Nonce: 92,400,000 | Hashrate: 205148.15 H/s
  Nonce: 92,500,000 | Hashrate: 205126.93 H/s
  Nonce: 92,600,000 | Hashrate: 205136.10 H/s
  Nonce: 92,700,000 | Hashrate: 205120.77 H/s
  Nonce: 92,800,000 | Hashrate: 205122.41 H/s
  Nonce: 92,900,000 | Hashrate: 205123.44 H/s
  Nonce: 93,000,000 | Hashrate: 205127.08 H/s
  Nonce: 93,100,000 | Hashrate: 205120.38 H/s
  Nonce: 93,200,000 | Hashrate: 205118.39 H/s
  Nonce: 93,300,000 | Hashrate: 205083.61 H/s
  Nonce: 93,400,000 | Hashrate: 205055.53 H/s
  Nonce: 93,500,000 | Hashrate: 205052.26 H/s
  Nonce: 93,600,000 | Hashrate: 205064.06 H/s
  Nonce: 93,700,000 | Hashrate: 205074.20 H/s
  Nonce: 93,800,000 | Hashrate: 205082.52 H/s
  Nonce: 93,900,000 | Hashrate: 205073.24 H/s
  Nonce: 94,000,000 | Hashrate: 205085.64 H/s
  Nonce: 94,100,000 | Hashrate: 205077.89 H/s
  Nonce: 94,200,000 | Hashrate: 205080.18 H/s
  Nonce: 94,300,000 | Hashrate: 205093.26 H/s
  Nonce: 94,400,000 | Hashrate: 205098.27 H/s
  Nonce: 94,500,000 | Hashrate: 205123.12 H/s
  Nonce: 94,600,000 | Hashrate: 205136.66 H/s
  Nonce: 94,700,000 | Hashrate: 205139.28 H/s
  Nonce: 94,800,000 | Hashrate: 205134.05 H/s
  Nonce: 94,900,000 | Hashrate: 205144.77 H/s
  Nonce: 95,000,000 | Hashrate: 205168.47 H/s
  Nonce: 95,100,000 | Hashrate: 205188.81 H/s
  Nonce: 95,200,000 | Hashrate: 205194.90 H/s
  Nonce: 95,300,000 | Hashrate: 205210.97 H/s
  Nonce: 95,400,000 | Hashrate: 205166.27 H/s
  Nonce: 95,500,000 | Hashrate: 205129.16 H/s
  Nonce: 95,600,000 | Hashrate: 205151.33 H/s
  Nonce: 95,700,000 | Hashrate: 205124.02 H/s
  Nonce: 95,800,000 | Hashrate: 205094.44 H/s
  Nonce: 95,900,000 | Hashrate: 205103.46 H/s
  Nonce: 96,000,000 | Hashrate: 205112.24 H/s
  Nonce: 96,100,000 | Hashrate: 205113.58 H/s
  Nonce: 96,200,000 | Hashrate: 205111.31 H/s
  Nonce: 96,300,000 | Hashrate: 205119.81 H/s
  Nonce: 96,400,000 | Hashrate: 205101.14 H/s
  Nonce: 96,500,000 | Hashrate: 205105.41 H/s
  Nonce: 96,600,000 | Hashrate: 205089.16 H/s
  Nonce: 96,700,000 | Hashrate: 205076.74 H/s
  Nonce: 96,800,000 | Hashrate: 205075.05 H/s
  Nonce: 96,900,000 | Hashrate: 205073.44 H/s
  Nonce: 97,000,000 | Hashrate: 205095.77 H/s
  Nonce: 97,100,000 | Hashrate: 205118.78 H/s
  Nonce: 97,200,000 | Hashrate: 205133.91 H/s
  Nonce: 97,300,000 | Hashrate: 205152.05 H/s
  Nonce: 97,400,000 | Hashrate: 205114.67 H/s
  Nonce: 97,500,000 | Hashrate: 205129.42 H/s
  Nonce: 97,600,000 | Hashrate: 205118.27 H/s
  Nonce: 97,700,000 | Hashrate: 205083.30 H/s
  Nonce: 97,800,000 | Hashrate: 205064.56 H/s
  Nonce: 97,900,000 | Hashrate: 205061.43 H/s
  Nonce: 98,000,000 | Hashrate: 205069.32 H/s
  Nonce: 98,100,000 | Hashrate: 205066.41 H/s
  Nonce: 98,200,000 | Hashrate: 205040.58 H/s
  Nonce: 98,300,000 | Hashrate: 205046.98 H/s
  Nonce: 98,400,000 | Hashrate: 205051.44 H/s
  Nonce: 98,500,000 | Hashrate: 205059.57 H/s
  Nonce: 98,600,000 | Hashrate: 205059.74 H/s
  Nonce: 98,700,000 | Hashrate: 205027.40 H/s
  Nonce: 98,800,000 | Hashrate: 205008.42 H/s
  Nonce: 98,900,000 | Hashrate: 205016.49 H/s
  Nonce: 99,000,000 | Hashrate: 205013.90 H/s
  Nonce: 99,100,000 | Hashrate: 205017.09 H/s
  Nonce: 99,200,000 | Hashrate: 205027.71 H/s
  Nonce: 99,300,000 | Hashrate: 205038.71 H/s
  Nonce: 99,400,000 | Hashrate: 205037.44 H/s
  Nonce: 99,500,000 | Hashrate: 205032.93 H/s
  Nonce: 99,600,000 | Hashrate: 205040.12 H/s
  Nonce: 99,700,000 | Hashrate: 205046.69 H/s
  Nonce: 99,800,000 | Hashrate: 205040.39 H/s
  Nonce: 99,900,000 | Hashrate: 205006.83 H/s
  Nonce: 100,000,000 | Hashrate: 204974.80 H/s
  Nonce: 100,100,000 | Hashrate: 204952.82 H/s
  Nonce: 100,200,000 | Hashrate: 204950.16 H/s
  Nonce: 100,300,000 | Hashrate: 204969.84 H/s
  Nonce: 100,400,000 | Hashrate: 204978.18 H/s
  Nonce: 100,500,000 | Hashrate: 204989.03 H/s
  Nonce: 100,600,000 | Hashrate: 204990.66 H/s
  Nonce: 100,700,000 | Hashrate: 205005.34 H/s
  Nonce: 100,800,000 | Hashrate: 205013.71 H/s
  Nonce: 100,900,000 | Hashrate: 205015.40 H/s
  Nonce: 101,000,000 | Hashrate: 205006.30 H/s
  Nonce: 101,100,000 | Hashrate: 204996.19 H/s
  Nonce: 101,200,000 | Hashrate: 204997.58 H/s
  Nonce: 101,300,000 | Hashrate: 205017.44 H/s
  Nonce: 101,400,000 | Hashrate: 205028.58 H/s
  Nonce: 101,500,000 | Hashrate: 205042.60 H/s
  Nonce: 101,600,000 | Hashrate: 205059.54 H/s
  Nonce: 101,700,000 | Hashrate: 205065.52 H/s
  Nonce: 101,800,000 | Hashrate: 205077.25 H/s
  Nonce: 101,900,000 | Hashrate: 205050.72 H/s
  Nonce: 102,000,000 | Hashrate: 205045.04 H/s
  Nonce: 102,100,000 | Hashrate: 205017.27 H/s
  Nonce: 102,200,000 | Hashrate: 205005.71 H/s
  Nonce: 102,300,000 | Hashrate: 205014.47 H/s
  Nonce: 102,400,000 | Hashrate: 205016.89 H/s
  Nonce: 102,500,000 | Hashrate: 205029.16 H/s
  Nonce: 102,600,000 | Hashrate: 205032.28 H/s
  Nonce: 102,700,000 | Hashrate: 205029.49 H/s
  Nonce: 102,800,000 | Hashrate: 205030.21 H/s
  Nonce: 102,900,000 | Hashrate: 205036.48 H/s
  Nonce: 103,000,000 | Hashrate: 205028.11 H/s
  Nonce: 103,100,000 | Hashrate: 204984.51 H/s
  Nonce: 103,200,000 | Hashrate: 204966.61 H/s
  Nonce: 103,300,000 | Hashrate: 204953.55 H/s
  Nonce: 103,400,000 | Hashrate: 204944.03 H/s
  Nonce: 103,500,000 | Hashrate: 204934.29 H/s
  Nonce: 103,600,000 | Hashrate: 204911.19 H/s
  Nonce: 103,700,000 | Hashrate: 204907.60 H/s
  Nonce: 103,800,000 | Hashrate: 204901.20 H/s
  Nonce: 103,900,000 | Hashrate: 204903.78 H/s
  Nonce: 104,000,000 | Hashrate: 204895.52 H/s
  Nonce: 104,100,000 | Hashrate: 204900.67 H/s
  Nonce: 104,200,000 | Hashrate: 204895.07 H/s
  Nonce: 104,300,000 | Hashrate: 204894.70 H/s
  Nonce: 104,400,000 | Hashrate: 204871.94 H/s
  Nonce: 104,500,000 | Hashrate: 204865.09 H/s
  Nonce: 104,600,000 | Hashrate: 204866.37 H/s
  Nonce: 104,700,000 | Hashrate: 204850.43 H/s
  Nonce: 104,800,000 | Hashrate: 204844.29 H/s
  Nonce: 104,900,000 | Hashrate: 204847.77 H/s
  Nonce: 105,000,000 | Hashrate: 204853.07 H/s
  Nonce: 105,100,000 | Hashrate: 204856.07 H/s
  Nonce: 105,200,000 | Hashrate: 204868.47 H/s
  Nonce: 105,300,000 | Hashrate: 204854.31 H/s
  Nonce: 105,400,000 | Hashrate: 204845.42 H/s
  Nonce: 105,500,000 | Hashrate: 204851.08 H/s
  Nonce: 105,600,000 | Hashrate: 204842.62 H/s
  Nonce: 105,700,000 | Hashrate: 204826.73 H/s
  Nonce: 105,800,000 | Hashrate: 204822.48 H/s
  Nonce: 105,900,000 | Hashrate: 204821.86 H/s
  Nonce: 106,000,000 | Hashrate: 204821.87 H/s
  Nonce: 106,100,000 | Hashrate: 204825.38 H/s
